<?xml version="1.0" encoding="UTF-8"?>
<!-- Generated by org.testng.reporters.JUnitReportReporter -->
<testsuite skipped="0" hostname="INCNU4289Y7G" name="qaclickacademy.RestApiTest" tests="2" failures="0" timestamp="2020-02-26T18:13:30 IST" time="0.014" errors="0">
  <testcase name="deleteTwitter" time="0.014" classname="qaclickacademy.RestApiTest"/>
  <testcase name="postJira" time="0.000" classname="qaclickacademy.RestApiTest"/>
</testsuite> <!-- qaclickacademy.RestApiTest -->
